Daily update at Sun Oct 26 10:56:12 UTC 2025
Daily update at Mon Oct 27 04:45:48 UTC 2025
Daily update at Tue Oct 28 04:40:30 UTC 2025
Daily update at Wed Oct 29 04:44:05 UTC 2025
Daily update at Thu Oct 30 04:40:25 UTC 2025
Daily update at Fri Oct 31 04:42:03 UTC 2025
Daily update at Sat Nov  1 04:37:50 UTC 2025
Daily update at Sun Nov  2 04:40:05 UTC 2025
Daily update at Mon Nov  3 04:45:13 UTC 2025
Daily update at Tue Nov  4 04:40:40 UTC 2025
Daily update at Wed Nov  5 04:40:47 UTC 2025
Daily update at Thu Nov  6 04:44:33 UTC 2025
Daily update at Fri Nov  7 04:40:48 UTC 2025
Daily update at Sat Nov  8 04:38:44 UTC 2025
Daily update at Sun Nov  9 04:39:08 UTC 2025
Daily update at Mon Nov 10 04:44:00 UTC 2025
Daily update at Tue Nov 11 04:42:29 UTC 2025
Daily update at Wed Nov 12 04:41:56 UTC 2025
Daily update at Thu Nov 13 04:42:57 UTC 2025
Daily update at Fri Nov 14 04:41:35 UTC 2025
Daily update at Sat Nov 15 04:39:40 UTC 2025
Daily update at Sun Nov 16 04:42:58 UTC 2025
Daily update at Mon Nov 17 04:44:09 UTC 2025
Daily update at Tue Nov 18 04:41:42 UTC 2025
Daily update at Wed Nov 19 04:42:05 UTC 2025
Daily update at Thu Nov 20 04:40:12 UTC 2025
Daily update at Fri Nov 21 04:41:36 UTC 2025
Daily update at Sat Nov 22 04:39:25 UTC 2025
Daily update at Sun Nov 23 04:47:42 UTC 2025
Daily update at Mon Nov 24 04:49:29 UTC 2025
Daily update at Tue Nov 25 04:43:45 UTC 2025
Daily update at Wed Nov 26 04:44:03 UTC 2025
Daily update at Thu Nov 27 04:42:25 UTC 2025
Daily update at Fri Nov 28 04:42:24 UTC 2025
Daily update at Sat Nov 29 04:41:10 UTC 2025
Daily update at Sun Nov 30 04:49:22 UTC 2025
Daily update at Mon Dec  1 05:01:31 UTC 2025
Daily update at Tue Dec  2 04:46:54 UTC 2025
Daily update at Wed Dec  3 04:45:47 UTC 2025
Daily update at Thu Dec  4 04:46:54 UTC 2025
Daily update at Fri Dec  5 04:46:28 UTC 2025
Daily update at Sat Dec  6 04:40:22 UTC 2025
Daily update at Sun Dec  7 04:47:12 UTC 2025
Daily update at Mon Dec  8 04:49:48 UTC 2025
